(error "line 7 column 33: unknown parameter 'enable_der' at module 'rewriter'
Legal parameters are:
  algebraic_number_evaluator (bool) (default: true)
  arith_ineq_lhs (bool) (default: false)
  arith_lhs (bool) (default: false)
  bit2bool (bool) (default: true)
  blast_distinct (bool) (default: false)
  blast_distinct_threshold (unsigned int) (default: 4294967295)
  blast_eq_value (bool) (default: false)
  bv_extract_prop (bool) (default: false)
  bv_ineq_consistency_test_max (unsigned int) (default: 0)
  bv_ite2id (bool) (default: false)
  bv_le_extra (bool) (default: false)
  bv_not_simpl (bool) (default: false)
  bv_sort_ac (bool) (default: false)
  bv_trailing (bool) (default: false)
  bv_urem_simpl (bool) (default: false)
  bvnot2arith (bool) (default: false)
  cache_all (bool) (default: false)
  div0_ackermann_limit (unsigned int) (default: 1000)
  elim_and (bool) (default: false)
  elim_ite (bool) (default: true)
  elim_rem (bool) (default: false)
  elim_sign_ext (bool) (default: true)
  elim_to_real (bool) (default: false)
  eq2ineq (bool) (default: false)
  expand_power (bool) (default: false)
  expand_select_store (bool) (default: false)
  expand_store_eq (bool) (default: false)
  expand_tan (bool) (default: false)
  flat (bool) (default: true)
  gcd_rounding (bool) (default: false)
  hi_div0 (bool) (default: true)
  hi_fp_unspecified (bool) (default: false)
  hoist_cmul (bool) (default: false)
  hoist_mul (bool) (default: false)
  ignore_patterns_on_ground_qbody (bool) (default: true)
  ite_extra_rules (bool) (default: false)
  local_ctx (bool) (default: false)
  local_ctx_limit (unsigned int) (default: 4294967295)
  max_degree (unsigned int) (default: 64)
  max_memory (unsigned int) (default: 4294967295)
  max_steps (unsigned int) (default: 4294967295)
  mul2concat (bool) (default: false)
  mul_to_power (bool) (default: false)
  pull_cheap_ite (bool) (default: false)
  push_ite_arith (bool) (default: false)
  push_ite_bv (bool) (default: false)
  push_to_real (bool) (default: true)
  rewrite_patterns (bool) (default: false)
  som (bool) (default: false)
  som_blowup (unsigned int) (default: 4294967295)
  sort_store (bool) (default: false)
  sort_sums (bool) (default: false)
  split_concat_eq (bool) (default: false)
  udiv2mul (bool) (default: false)")
(error "line 8 column 40: unknown parameter 'sort_disjunctions' at module 'rewriter'
Legal parameters are:
  algebraic_number_evaluator (bool) (default: true)
  arith_ineq_lhs (bool) (default: false)
  arith_lhs (bool) (default: false)
  bit2bool (bool) (default: true)
  blast_distinct (bool) (default: false)
  blast_distinct_threshold (unsigned int) (default: 4294967295)
  blast_eq_value (bool) (default: false)
  bv_extract_prop (bool) (default: false)
  bv_ineq_consistency_test_max (unsigned int) (default: 0)
  bv_ite2id (bool) (default: false)
  bv_le_extra (bool) (default: false)
  bv_not_simpl (bool) (default: false)
  bv_sort_ac (bool) (default: false)
  bv_trailing (bool) (default: false)
  bv_urem_simpl (bool) (default: false)
  bvnot2arith (bool) (default: false)
  cache_all (bool) (default: false)
  div0_ackermann_limit (unsigned int) (default: 1000)
  elim_and (bool) (default: false)
  elim_ite (bool) (default: true)
  elim_rem (bool) (default: false)
  elim_sign_ext (bool) (default: true)
  elim_to_real (bool) (default: false)
  eq2ineq (bool) (default: false)
  expand_power (bool) (default: false)
  expand_select_store (bool) (default: false)
  expand_store_eq (bool) (default: false)
  expand_tan (bool) (default: false)
  flat (bool) (default: true)
  gcd_rounding (bool) (default: false)
  hi_div0 (bool) (default: true)
  hi_fp_unspecified (bool) (default: false)
  hoist_cmul (bool) (default: false)
  hoist_mul (bool) (default: false)
  ignore_patterns_on_ground_qbody (bool) (default: true)
  ite_extra_rules (bool) (default: false)
  local_ctx (bool) (default: false)
  local_ctx_limit (unsigned int) (default: 4294967295)
  max_degree (unsigned int) (default: 64)
  max_memory (unsigned int) (default: 4294967295)
  max_steps (unsigned int) (default: 4294967295)
  mul2concat (bool) (default: false)
  mul_to_power (bool) (default: false)
  pull_cheap_ite (bool) (default: false)
  push_ite_arith (bool) (default: false)
  push_ite_bv (bool) (default: false)
  push_to_real (bool) (default: true)
  rewrite_patterns (bool) (default: false)
  som (bool) (default: false)
  som_blowup (unsigned int) (default: 4294967295)
  sort_store (bool) (default: false)
  sort_sums (bool) (default: false)
  split_concat_eq (bool) (default: false)
  udiv2mul (bool) (default: false)")
(error "line 9 column 35: unknown parameter 'decompose_patterns' at module 'pi'
Legal parameters are:
  arith (unsigned int) (default: 1)
  arith_weight (unsigned int) (default: 5)
  block_loop_patterns (bool) (default: true)
  max_multi_patterns (unsigned int) (default: 0)
  non_nested_arith_weight (unsigned int) (default: 10)
  pull_quantifiers (bool) (default: true)
  use_database (bool) (default: false)
  warnings (bool) (default: false)")
unknown
